2025-07-07 21:08:51,437 - INFO - Loading data...
2025-07-07 21:08:51,439 - INFO - Applying PCA...
2025-07-07 21:08:51,440 - INFO - Training SVM + AOA model...
2025-07-07 21:08:51,913 - INFO - SVM+AOA Accuracy: 0.4902, Params: [40.41812157  0.70519113]
2025-07-07 21:08:52,406 - INFO - Training benchmark models...
2025-07-07 21:08:53,729 - INFO - KNN Accuracy: 0.5098
2025-07-07 21:08:53,824 - INFO - RF Accuracy: 0.4314
2025-07-07 21:08:53,920 - INFO - DT Accuracy: 0.4902
2025-07-07 21:08:54,012 - INFO - LR Accuracy: 0.4706
2025-07-07 21:08:54,100 - INFO - NB Accuracy: 0.5098
2025-07-07 21:08:54,196 - INFO - XGB Accuracy: 0.5686
2025-07-07 21:10:50,292 - INFO - Loading data...
2025-07-07 21:10:50,294 - INFO - Applying PCA...
2025-07-07 21:10:50,295 - INFO - Training SVM + AOA model...
2025-07-07 21:10:50,763 - INFO - SVM+AOA Accuracy: 0.4510, Params: [89.44801509  0.65723062]
2025-07-07 21:10:51,222 - INFO - Training benchmark models...
2025-07-07 21:10:52,517 - INFO - KNN Accuracy: 0.5098
2025-07-07 21:10:52,605 - INFO - RF Accuracy: 0.4706
2025-07-07 21:10:52,701 - INFO - DT Accuracy: 0.4902
2025-07-07 21:10:52,790 - INFO - LR Accuracy: 0.4706
2025-07-07 21:10:52,878 - INFO - NB Accuracy: 0.5098
2025-07-07 21:10:52,971 - INFO - XGB Accuracy: 0.5686
2025-07-08 00:15:02,030 - INFO - Loading data...
2025-07-08 00:15:02,041 - INFO - Applying PCA...
2025-07-08 00:15:02,047 - INFO - Training SVM + AOA model...
2025-07-08 00:15:02,539 - INFO - SVM+AOA Accuracy: 0.4902, Params: [54.0069156   0.32096289]
2025-07-08 00:15:02,967 - INFO - Training benchmark models...
2025-07-08 00:15:04,249 - INFO - KNN Accuracy: 0.5098
2025-07-08 00:15:04,347 - INFO - RF Accuracy: 0.4902
2025-07-08 00:15:04,440 - INFO - DT Accuracy: 0.4706
2025-07-08 00:15:04,537 - INFO - LR Accuracy: 0.4706
2025-07-08 00:15:04,626 - INFO - NB Accuracy: 0.5098
2025-07-08 00:15:04,719 - INFO - XGB Accuracy: 0.5882
2025-07-08 00:15:04,836 - INFO - Plotting combined ROC curve...
2025-07-08 00:20:20,181 - INFO - Loading data...
2025-07-08 00:20:20,184 - INFO - Applying PCA...
2025-07-08 00:20:20,185 - INFO - Training SVM + AOA model...
2025-07-08 00:20:20,657 - INFO - SVM+AOA Accuracy: 0.4902, Params: [78.94424947  0.41838605]
2025-07-08 00:20:21,140 - INFO - Training benchmark models...
2025-07-08 00:20:22,414 - INFO - KNN Accuracy: 0.5098
2025-07-08 00:20:22,510 - INFO - RF Accuracy: 0.4510
2025-07-08 00:20:22,602 - INFO - DT Accuracy: 0.4510
2025-07-08 00:20:22,691 - INFO - LR Accuracy: 0.4706
2025-07-08 00:20:22,779 - INFO - NB Accuracy: 0.5098
2025-07-08 00:20:22,872 - INFO - XGB Accuracy: 0.5882
2025-07-08 00:20:22,988 - INFO - Plotting combined ROC curve...
2025-07-08 11:10:59,241 - INFO - Loading data...
2025-07-08 11:10:59,252 - INFO - Running pipeline without PCA...
2025-07-08 11:10:59,252 - INFO - Training SVM + AOA _raw...
2025-07-08 11:10:59,252 - INFO - Training SVM + AOA _raw...
2025-07-08 11:10:59,857 - INFO - SVM+AOA Accuracy _raw: 0.4706, Params: [48.95095498  0.46861275]
2025-07-08 11:10:59,857 - INFO - SVM+AOA Accuracy _raw: 0.4706, Params: [48.95095498  0.46861275]
2025-07-08 11:11:19,769 - INFO - Loading data...
2025-07-08 11:11:19,771 - INFO - Applying PCA for dimensionality reduction...
2025-07-08 11:11:19,777 - INFO - Training SVM optimized by Archimedes Optimization Algorithm (AOA)...
2025-07-08 11:11:20,252 - INFO - SVM+AOA Accuracy: 0.4902, Best Hyperparameters: [72.74885396  0.48461084]
2025-07-08 11:11:20,695 - INFO - 🔍 Analyzing errors for SVM+AOA model...
2025-07-08 11:11:20,786 - INFO - Number of misclassified samples by SVM+AOA: 26
2025-07-08 11:11:20,786 - INFO - Training and benchmarking other models...
2025-07-08 11:11:22,083 - INFO - KNN Accuracy: 0.5098
2025-07-08 11:11:22,182 - INFO - RF Accuracy: 0.5294
2025-07-08 11:11:22,287 - INFO - DT Accuracy: 0.5490
2025-07-08 11:11:22,390 - INFO - LR Accuracy: 0.4706
2025-07-08 11:11:22,670 - INFO - NB Accuracy: 0.5098
2025-07-08 11:11:22,813 - INFO - XGB Accuracy: 0.5882
2025-07-08 11:11:22,932 - INFO - Plotting combined ROC curve for all models...
2025-07-08 11:16:08,078 - INFO - Loading data...
2025-07-08 11:16:08,080 - INFO - Applying PCA for dimensionality reduction...
2025-07-08 11:16:08,081 - INFO - Training SVM optimized by Archimedes Optimization Algorithm (AOA)...
2025-07-08 11:16:08,568 - INFO - SVM+AOA Accuracy: 0.4902, Best Hyperparameters: [29.72984332  0.31809566]
2025-07-08 11:16:09,014 - INFO - 🔍 Analyzing errors for SVM+AOA model...
2025-07-08 11:16:09,099 - INFO - Number of misclassified samples by SVM+AOA: 26
2025-07-08 11:16:09,099 - INFO - Training and benchmarking other models...
2025-07-08 11:16:10,394 - INFO - KNN Accuracy: 0.5098
2025-07-08 11:16:10,493 - INFO - RF Accuracy: 0.4706
2025-07-08 11:16:10,594 - INFO - DT Accuracy: 0.5098
2025-07-08 11:16:10,691 - INFO - LR Accuracy: 0.4706
2025-07-08 11:16:10,808 - INFO - NB Accuracy: 0.5098
2025-07-08 11:16:10,902 - INFO - XGB Accuracy: 0.5882
2025-07-08 11:16:10,994 - INFO - Plotting combined ROC curve for all models...
2025-07-08 11:16:37,674 - INFO - Loading data...
2025-07-08 11:16:37,677 - INFO - Applying PCA for dimensionality reduction...
2025-07-08 11:16:37,678 - INFO - Training SVM optimized by Archimedes Optimization Algorithm (AOA)...
2025-07-08 11:16:38,154 - INFO - SVM+AOA Accuracy: 0.4902, Best Hyperparameters: [86.78206327  0.51617302]
2025-07-08 11:16:38,572 - INFO - 🔍 Analyzing errors for SVM+AOA model...
2025-07-08 11:16:38,664 - INFO - Number of misclassified samples by SVM+AOA: 26
2025-07-08 11:16:38,664 - INFO - Training and benchmarking other models...
2025-07-08 11:16:39,981 - INFO - KNN Accuracy: 0.5098
2025-07-08 11:16:40,081 - INFO - RF Accuracy: 0.4510
2025-07-08 11:16:40,171 - INFO - DT Accuracy: 0.4902
2025-07-08 11:16:40,271 - INFO - LR Accuracy: 0.4706
2025-07-08 11:16:40,390 - INFO - NB Accuracy: 0.5098
2025-07-08 11:16:40,483 - INFO - XGB Accuracy: 0.5882
2025-07-08 11:16:40,578 - INFO - Plotting combined ROC curve for all models...
2025-07-08 11:19:20,751 - INFO - Loading data...
2025-07-08 11:19:20,753 - INFO - Applying PCA for dimensionality reduction...
2025-07-08 11:19:20,755 - INFO - Training SVM optimized by Archimedes Optimization Algorithm (AOA)...
2025-07-08 11:19:21,253 - INFO - SVM+AOA Accuracy: 0.5294, Best Hyperparameters: [2.22403685e+01 1.73000039e-02]
2025-07-08 11:19:21,694 - INFO - 🔍 Analyzing errors for SVM+AOA model...
2025-07-08 11:19:21,786 - INFO - Number of misclassified samples by SVM+AOA: 24
2025-07-08 11:19:21,786 - INFO - Training and benchmarking other models...
2025-07-08 11:19:23,078 - INFO - KNN Accuracy: 0.5098
2025-07-08 11:19:23,176 - INFO - RF Accuracy: 0.5490
2025-07-08 11:19:23,267 - INFO - DT Accuracy: 0.4902
2025-07-08 11:19:23,369 - INFO - LR Accuracy: 0.4706
2025-07-08 11:19:23,470 - INFO - NB Accuracy: 0.5098
2025-07-08 11:19:23,594 - INFO - XGB Accuracy: 0.5882
2025-07-08 11:19:23,687 - INFO - Plotting combined ROC curve for all models...
